execute_with_rem called with: 
   circuit = 0: ───X───

1: ───X───
   executor = functools.partial(<function noisy_readout_executor at 0x0000021D151C19E0>, p0=0.25, p1=0.25)
   observable = Z(q(0)) + Z(q(1))
   inverse_confusion_matrix = [[ 2.25 -0.75 -0.75  0.25]
 [-0.75  2.25  0.25 -0.75]
 [-0.75  0.25  2.25 -0.75]
 [ 0.25 -0.75 -0.75  2.25]]

mitigate_executor called with: 
   executor = <mitiq.executor.executor.Executor object at 0x0000021D12B9BB10>
   inverse_confusion_matrix = [[ 2.25 -0.75 -0.75  0.25]
 [-0.75  2.25  0.25 -0.75]
 [-0.75  0.25  2.25 -0.75]
 [ 0.25 -0.75 -0.75  2.25]]

mitigate_executor returning <mitiq.executor.executor.Executor object at 0x0000021D151B7910>


execute_with_rem returning (-2+0j)


execute_with_rem called with: 
   circuit = 0: ───X───

1: ───X───
   executor = <mitiq.executor.executor.Executor object at 0x000001EAE03DB110>
   observable = Z(q(0)) + Z(q(1))
   inverse_confusion_matrix = [[ 2.25 -0.75 -0.75  0.25]
 [-0.75  2.25  0.25 -0.75]
 [-0.75  0.25  2.25 -0.75]
 [ 0.25 -0.75 -0.75  2.25]]

execute_with_rem called with: 
   circuit = 0: ───X───

1: ───X───
   executor = functools.partial(<function noisy_readout_executor at 0x0000027395DF1A80>, p0=0.25, p1=0.25)
   observable = Z(q(0)) + Z(q(1))
   inverse_confusion_matrix = [[ 2.25 -0.75 -0.75  0.25]
 [-0.75  2.25  0.25 -0.75]
 [-0.75  0.25  2.25 -0.75]
 [ 0.25 -0.75 -0.75  2.25]]

mitigate_executor called with: 
   executor = <mitiq.executor.executor.Executor object at 0x000002739415A190>
   inverse_confusion_matrix = [[ 2.25 -0.75 -0.75  0.25]
 [-0.75  2.25  0.25 -0.75]
 [-0.75  0.25  2.25 -0.75]
 [ 0.25 -0.75 -0.75  2.25]]

mitigate_executor returning <mitiq.executor.executor.Executor object at 0x0000027395DE7910>


execute_with_rem returning (-1.96875+0j)


